(warn) health/live 호출 실패(서버 미기동일 수 있음)

[1;36m▶ 로그인[0m

[1;36m▶ Redis에서 세션ID 찾기[0m

[1;36m▶ 세션 해시/TTL 확인[0m
user_id
3
refresh_hash
ZzPXG0-VENGWy1xOBm56TnAyygOj8ChEpwmEx2i0Vlo
created_at
2025-08-26T06:08:35.402696872+00:00
expires_at
2025-09-25T06:08:35.402091376Z
rotation
0
ip
unknown
TTL(session)=2591999

[1;36m▶ 해시→세션 매핑 확인 (ak:refresh:<hash> -> SID)[0m
MAP_SID=ac9c3129-293c-401c-b06a-8a82f7f823b5

[1;36m▶ 리프레시(성공) 호출[0m
HTTP=200

[1;36m▶ 회전 결과 확인(세션 해시/rotation/TTL)[0m
OLD_HASH=ZzPXG0-VENGWy1xOBm56TnAyygOj8ChEpwmEx2i0Vlo
NEW_HASH=9Bjp42PTSmbOMkXr8BuuaL83363ss91i5bldFPqNFpI
ROTATION=1
TTL(after refresh)=2591999

[1;36m▶ 매핑 갱신 확인(구 매핑 삭제, 새 매핑 생성)[0m
EXISTS old_map=0 (0이어야 정상), NEW_MAP_SID=ac9c3129-293c-401c-b06a-8a82f7f823b5
TTL(map)=2591999

[1;36m▶ 재사용 공격 테스트(이전 쿠키로 /auth/refresh)[0m
HTTP=401 (401이어야 정상)

[1;36m▶ 동시성 테스트(동일 새 쿠키로 2회 동시 /auth/refresh)[0m
A=401, B=200  (하나는 200, 하나는 401 기대)

[1;36m▶ 로그아웃(/auth/logout)[0m
HTTP/1.1 204 No Content
EXISTS session=0, map=0 (둘 다 0이어야 정상)

[1;32m✓ 모든 검증 합격[0m
